<?xml version="1.0" encoding="UTF-8"?>
<testsuite xmlns:xsi="http://www.w3.org/2001/XMLSchema-instance" xsi:noNamespaceSchemaLocation="https://maven.apache.org/surefire/maven-surefire-plugin/xsd/surefire-test-report-3.0.xsd" version="3.0" name="dh.backend.clinicamvc.service.TurnoServiceTest" time="0.027" tests="1" errors="0" skipped="0" failures="0">
  <properties>
    <property name="java.specification.version" value="21"/>
    <property name="sun.jnu.encoding" value="UTF-8"/>
    <property name="java.class.path" value="/Users/camilin/Kmilo/DH/Back End I/Proyecto Final/clinica-odontologica/ClinicaOdontologica/target/test-classes:/Users/camilin/Kmilo/DH/Back End I/Proyecto Final/clinica-odontologica/ClinicaOdontologica/target/classes:/Users/camilin/.m2/repository/org/springframework/boot/spring-boot-starter-thymeleaf/3.2.7-SNAPSHOT/spring-boot-starter-thymeleaf-3.2.7-SNAPSHOT.jar:/Users/camilin/.m2/repository/org/springframework/boot/spring-boot-starter/3.2.7-SNAPSHOT/spring-boot-starter-3.2.7-SNAPSHOT.jar:/Users/camilin/.m2/repository/org/springframework/boot/spring-boot/3.2.7-SNAPSHOT/spring-boot-3.2.7-SNAPSHOT.jar:/Users/camilin/.m2/repository/org/springframework/boot/spring-boot-autoconfigure/3.2.7-SNAPSHOT/spring-boot-autoconfigure-3.2.7-SNAPSHOT.jar:/Users/camilin/.m2/repository/jakarta/annotation/jakarta.annotation-api/2.1.1/jakarta.annotation-api-2.1.1.jar:/Users/camilin/.m2/repository/org/yaml/snakeyaml/2.2/snakeyaml-2.2.jar:/Users/camilin/.m2/repository/org/thymeleaf/thymeleaf-spring6/3.1.2.RELEASE/thymeleaf-spring6-3.1.2.RELEASE.jar:/Users/camilin/.m2/repository/org/thymeleaf/thymeleaf/3.1.2.RELEASE/thymeleaf-3.1.2.RELEASE.jar:/Users/camilin/.m2/repository/org/attoparser/attoparser/2.0.7.RELEASE/attoparser-2.0.7.RELEASE.jar:/Users/camilin/.m2/repository/org/unbescape/unbescape/1.1.6.RELEASE/unbescape-1.1.6.RELEASE.jar:/Users/camilin/.m2/repository/org/springframework/boot/spring-boot-starter-web/3.2.7-SNAPSHOT/spring-boot-starter-web-3.2.7-SNAPSHOT.jar:/Users/camilin/.m2/repository/org/springframework/boot/spring-boot-starter-json/3.2.7-SNAPSHOT/spring-boot-starter-json-3.2.7-SNAPSHOT.jar:/Users/camilin/.m2/repository/com/fasterxml/jackson/core/jackson-databind/2.15.4/jackson-databind-2.15.4.jar:/Users/camilin/.m2/repository/com/fasterxml/jackson/core/jackson-annotations/2.15.4/jackson-annotations-2.15.4.jar:/Users/camilin/.m2/repository/com/fasterxml/jackson/core/jackson-core/2.15.4/jackson-core-2.15.4.jar:/Users/camilin/.m2/repository/com/fasterxml/jackson/datatype/jackson-datatype-jdk8/2.15.4/jackson-datatype-jdk8-2.15.4.jar:/Users/camilin/.m2/repository/com/fasterxml/jackson/datatype/jackson-datatype-jsr310/2.15.4/jackson-datatype-jsr310-2.15.4.jar:/Users/camilin/.m2/repository/com/fasterxml/jackson/module/jackson-module-parameter-names/2.15.4/jackson-module-parameter-names-2.15.4.jar:/Users/camilin/.m2/repository/org/springframework/boot/spring-boot-starter-tomcat/3.2.7-SNAPSHOT/spring-boot-starter-tomcat-3.2.7-SNAPSHOT.jar:/Users/camilin/.m2/repository/org/apache/tomcat/embed/tomcat-embed-core/10.1.24/tomcat-embed-core-10.1.24.jar:/Users/camilin/.m2/repository/org/apache/tomcat/embed/tomcat-embed-el/10.1.24/tomcat-embed-el-10.1.24.jar:/Users/camilin/.m2/repository/org/apache/tomcat/embed/tomcat-embed-websocket/10.1.24/tomcat-embed-websocket-10.1.24.jar:/Users/camilin/.m2/repository/org/springframework/spring-web/6.1.10-SNAPSHOT/spring-web-6.1.10-SNAPSHOT.jar:/Users/camilin/.m2/repository/org/springframework/spring-beans/6.1.10-SNAPSHOT/spring-beans-6.1.10-SNAPSHOT.jar:/Users/camilin/.m2/repository/io/micrometer/micrometer-observation/1.12.7/micrometer-observation-1.12.7.jar:/Users/camilin/.m2/repository/io/micrometer/micrometer-commons/1.12.7/micrometer-commons-1.12.7.jar:/Users/camilin/.m2/repository/org/springframework/spring-webmvc/6.1.10-SNAPSHOT/spring-webmvc-6.1.10-SNAPSHOT.jar:/Users/camilin/.m2/repository/org/springframework/spring-aop/6.1.10-SNAPSHOT/spring-aop-6.1.10-SNAPSHOT.jar:/Users/camilin/.m2/repository/org/springframework/spring-context/6.1.10-SNAPSHOT/spring-context-6.1.10-SNAPSHOT.jar:/Users/camilin/.m2/repository/org/springframework/spring-expression/6.1.10-SNAPSHOT/spring-expression-6.1.10-SNAPSHOT.jar:/Users/camilin/.m2/repository/com/h2database/h2/2.2.224/h2-2.2.224.jar:/Users/camilin/.m2/repository/org/springframework/boot/spring-boot-starter-test/3.2.7-SNAPSHOT/spring-boot-starter-test-3.2.7-SNAPSHOT.jar:/Users/camilin/.m2/repository/org/springframework/boot/spring-boot-test/3.2.7-SNAPSHOT/spring-boot-test-3.2.7-SNAPSHOT.jar:/Users/camilin/.m2/repository/org/springframework/boot/spring-boot-test-autoconfigure/3.2.7-SNAPSHOT/spring-boot-test-autoconfigure-3.2.7-SNAPSHOT.jar:/Users/camilin/.m2/repository/com/jayway/jsonpath/json-path/2.9.0/json-path-2.9.0.jar:/Users/camilin/.m2/repository/jakarta/xml/bind/jakarta.xml.bind-api/4.0.2/jakarta.xml.bind-api-4.0.2.jar:/Users/camilin/.m2/repository/jakarta/activation/jakarta.activation-api/2.1.3/jakarta.activation-api-2.1.3.jar:/Users/camilin/.m2/repository/net/minidev/json-smart/2.5.1/json-smart-2.5.1.jar:/Users/camilin/.m2/repository/net/minidev/accessors-smart/2.5.1/accessors-smart-2.5.1.jar:/Users/camilin/.m2/repository/org/ow2/asm/asm/9.6/asm-9.6.jar:/Users/camilin/.m2/repository/org/assertj/assertj-core/3.24.2/assertj-core-3.24.2.jar:/Users/camilin/.m2/repository/net/bytebuddy/byte-buddy/1.14.17/byte-buddy-1.14.17.jar:/Users/camilin/.m2/repository/org/awaitility/awaitility/4.2.1/awaitility-4.2.1.jar:/Users/camilin/.m2/repository/org/hamcrest/hamcrest/2.2/hamcrest-2.2.jar:/Users/camilin/.m2/repository/org/junit/jupiter/junit-jupiter/5.10.2/junit-jupiter-5.10.2.jar:/Users/camilin/.m2/repository/org/junit/jupiter/junit-jupiter-api/5.10.2/junit-jupiter-api-5.10.2.jar:/Users/camilin/.m2/repository/org/opentest4j/opentest4j/1.3.0/opentest4j-1.3.0.jar:/Users/camilin/.m2/repository/org/junit/platform/junit-platform-commons/1.10.2/junit-platform-commons-1.10.2.jar:/Users/camilin/.m2/repository/org/apiguardian/apiguardian-api/1.1.2/apiguardian-api-1.1.2.jar:/Users/camilin/.m2/repository/org/junit/jupiter/junit-jupiter-params/5.10.2/junit-jupiter-params-5.10.2.jar:/Users/camilin/.m2/repository/org/junit/jupiter/junit-jupiter-engine/5.10.2/junit-jupiter-engine-5.10.2.jar:/Users/camilin/.m2/repository/org/junit/platform/junit-platform-engine/1.10.2/junit-platform-engine-1.10.2.jar:/Users/camilin/.m2/repository/org/mockito/mockito-core/5.7.0/mockito-core-5.7.0.jar:/Users/camilin/.m2/repository/net/bytebuddy/byte-buddy-agent/1.14.17/byte-buddy-agent-1.14.17.jar:/Users/camilin/.m2/repository/org/objenesis/objenesis/3.3/objenesis-3.3.jar:/Users/camilin/.m2/repository/org/mockito/mockito-junit-jupiter/5.7.0/mockito-junit-jupiter-5.7.0.jar:/Users/camilin/.m2/repository/org/skyscreamer/jsonassert/1.5.1/jsonassert-1.5.1.jar:/Users/camilin/.m2/repository/com/vaadin/external/google/android-json/0.0.20131108.vaadin1/android-json-0.0.20131108.vaadin1.jar:/Users/camilin/.m2/repository/org/springframework/spring-core/6.1.10-SNAPSHOT/spring-core-6.1.10-SNAPSHOT.jar:/Users/camilin/.m2/repository/org/springframework/spring-jcl/6.1.10-SNAPSHOT/spring-jcl-6.1.10-SNAPSHOT.jar:/Users/camilin/.m2/repository/org/springframework/spring-test/6.1.10-SNAPSHOT/spring-test-6.1.10-SNAPSHOT.jar:/Users/camilin/.m2/repository/org/xmlunit/xmlunit-core/2.9.1/xmlunit-core-2.9.1.jar:/Users/camilin/.m2/repository/org/springframework/boot/spring-boot-starter-logging/3.2.7-SNAPSHOT/spring-boot-starter-logging-3.2.7-SNAPSHOT.jar:/Users/camilin/.m2/repository/org/apache/logging/log4j/log4j-to-slf4j/2.21.1/log4j-to-slf4j-2.21.1.jar:/Users/camilin/.m2/repository/org/apache/logging/log4j/log4j-api/2.21.1/log4j-api-2.21.1.jar:/Users/camilin/.m2/repository/org/slf4j/jul-to-slf4j/2.0.13/jul-to-slf4j-2.0.13.jar:/Users/camilin/.m2/repository/ch/qos/logback/logback-classic/1.4.14/logback-classic-1.4.14.jar:/Users/camilin/.m2/repository/ch/qos/logback/logback-core/1.4.14/logback-core-1.4.14.jar:/Users/camilin/.m2/repository/org/slf4j/slf4j-api/2.0.13/slf4j-api-2.0.13.jar:/Users/camilin/.m2/repository/org/projectlombok/lombok/1.18.32/lombok-1.18.32.jar:/Users/camilin/.m2/repository/org/modelmapper/modelmapper/3.2.0/modelmapper-3.2.0.jar:/Users/camilin/.m2/repository/org/springframework/boot/spring-boot-starter-data-jpa/3.2.7-SNAPSHOT/spring-boot-starter-data-jpa-3.2.7-SNAPSHOT.jar:/Users/camilin/.m2/repository/org/springframework/boot/spring-boot-starter-aop/3.2.7-SNAPSHOT/spring-boot-starter-aop-3.2.7-SNAPSHOT.jar:/Users/camilin/.m2/repository/org/aspectj/aspectjweaver/1.9.22/aspectjweaver-1.9.22.jar:/Users/camilin/.m2/repository/org/springframework/boot/spring-boot-starter-jdbc/3.2.7-SNAPSHOT/spring-boot-starter-jdbc-3.2.7-SNAPSHOT.jar:/Users/camilin/.m2/repository/com/zaxxer/HikariCP/5.0.1/HikariCP-5.0.1.jar:/Users/camilin/.m2/repository/org/springframework/spring-jdbc/6.1.10-SNAPSHOT/spring-jdbc-6.1.10-SNAPSHOT.jar:/Users/camilin/.m2/repository/org/hibernate/orm/hibernate-core/6.4.9.Final/hibernate-core-6.4.9.Final.jar:/Users/camilin/.m2/repository/jakarta/persistence/jakarta.persistence-api/3.1.0/jakarta.persistence-api-3.1.0.jar:/Users/camilin/.m2/repository/jakarta/transaction/jakarta.transaction-api/2.0.1/jakarta.transaction-api-2.0.1.jar:/Users/camilin/.m2/repository/org/jboss/logging/jboss-logging/3.5.3.Final/jboss-logging-3.5.3.Final.jar:/Users/camilin/.m2/repository/org/hibernate/common/hibernate-commons-annotations/6.0.6.Final/hibernate-commons-annotations-6.0.6.Final.jar:/Users/camilin/.m2/repository/io/smallrye/jandex/3.1.2/jandex-3.1.2.jar:/Users/camilin/.m2/repository/com/fasterxml/classmate/1.6.0/classmate-1.6.0.jar:/Users/camilin/.m2/repository/org/glassfish/jaxb/jaxb-runtime/4.0.5/jaxb-runtime-4.0.5.jar:/Users/camilin/.m2/repository/org/glassfish/jaxb/jaxb-core/4.0.5/jaxb-core-4.0.5.jar:/Users/camilin/.m2/repository/org/eclipse/angus/angus-activation/2.0.2/angus-activation-2.0.2.jar:/Users/camilin/.m2/repository/org/glassfish/jaxb/txw2/4.0.5/txw2-4.0.5.jar:/Users/camilin/.m2/repository/com/sun/istack/istack-commons-runtime/4.1.2/istack-commons-runtime-4.1.2.jar:/Users/camilin/.m2/repository/jakarta/inject/jakarta.inject-api/2.0.1/jakarta.inject-api-2.0.1.jar:/Users/camilin/.m2/repository/org/antlr/antlr4-runtime/4.13.0/antlr4-runtime-4.13.0.jar:/Users/camilin/.m2/repository/org/springframework/data/spring-data-jpa/3.2.7/spring-data-jpa-3.2.7.jar:/Users/camilin/.m2/repository/org/springframework/data/spring-data-commons/3.2.7/spring-data-commons-3.2.7.jar:/Users/camilin/.m2/repository/org/springframework/spring-orm/6.1.10-SNAPSHOT/spring-orm-6.1.10-SNAPSHOT.jar:/Users/camilin/.m2/repository/org/springframework/spring-tx/6.1.10-SNAPSHOT/spring-tx-6.1.10-SNAPSHOT.jar:/Users/camilin/.m2/repository/org/springframework/spring-aspects/6.1.10-SNAPSHOT/spring-aspects-6.1.10-SNAPSHOT.jar:/Users/camilin/.m2/repository/org/jetbrains/annotations/24.1.0/annotations-24.1.0.jar:"/>
    <property name="java.vm.vendor" value="Oracle Corporation"/>
    <property name="sun.arch.data.model" value="64"/>
    <property name="java.vendor.url" value="https://java.oracle.com/"/>
    <property name="user.timezone" value="America/Bogota"/>
    <property name="org.jboss.logging.provider" value="slf4j"/>
    <property name="os.name" value="Mac OS X"/>
    <property name="java.vm.specification.version" value="21"/>
    <property name="sun.java.launcher" value="SUN_STANDARD"/>
    <property name="user.country" value="CO"/>
    <property name="sun.boot.library.path" value="/Users/camilin/Library/Java/JavaVirtualMachines/openjdk-21.0.1/Contents/Home/lib"/>
    <property name="sun.java.command" value="/Users/camilin/Kmilo/DH/Back End I/Proyecto Final/clinica-odontologica/ClinicaOdontologica/target/surefire/surefirebooter-20240619004202530_3.jar /Users/camilin/Kmilo/DH/Back End I/Proyecto Final/clinica-odontologica/ClinicaOdontologica/target/surefire 2024-06-19T00-42-02_486-jvmRun1 surefire-20240619004202530_1tmp surefire_0-20240619004202530_2tmp"/>
    <property name="http.nonProxyHosts" value="local|*.local|169.254/16|*.169.254/16"/>
    <property name="jdk.debug" value="release"/>
    <property name="surefire.test.class.path" value="/Users/camilin/Kmilo/DH/Back End I/Proyecto Final/clinica-odontologica/ClinicaOdontologica/target/test-classes:/Users/camilin/Kmilo/DH/Back End I/Proyecto Final/clinica-odontologica/ClinicaOdontologica/target/classes:/Users/camilin/.m2/repository/org/springframework/boot/spring-boot-starter-thymeleaf/3.2.7-SNAPSHOT/spring-boot-starter-thymeleaf-3.2.7-SNAPSHOT.jar:/Users/camilin/.m2/repository/org/springframework/boot/spring-boot-starter/3.2.7-SNAPSHOT/spring-boot-starter-3.2.7-SNAPSHOT.jar:/Users/camilin/.m2/repository/org/springframework/boot/spring-boot/3.2.7-SNAPSHOT/spring-boot-3.2.7-SNAPSHOT.jar:/Users/camilin/.m2/repository/org/springframework/boot/spring-boot-autoconfigure/3.2.7-SNAPSHOT/spring-boot-autoconfigure-3.2.7-SNAPSHOT.jar:/Users/camilin/.m2/repository/jakarta/annotation/jakarta.annotation-api/2.1.1/jakarta.annotation-api-2.1.1.jar:/Users/camilin/.m2/repository/org/yaml/snakeyaml/2.2/snakeyaml-2.2.jar:/Users/camilin/.m2/repository/org/thymeleaf/thymeleaf-spring6/3.1.2.RELEASE/thymeleaf-spring6-3.1.2.RELEASE.jar:/Users/camilin/.m2/repository/org/thymeleaf/thymeleaf/3.1.2.RELEASE/thymeleaf-3.1.2.RELEASE.jar:/Users/camilin/.m2/repository/org/attoparser/attoparser/2.0.7.RELEASE/attoparser-2.0.7.RELEASE.jar:/Users/camilin/.m2/repository/org/unbescape/unbescape/1.1.6.RELEASE/unbescape-1.1.6.RELEASE.jar:/Users/camilin/.m2/repository/org/springframework/boot/spring-boot-starter-web/3.2.7-SNAPSHOT/spring-boot-starter-web-3.2.7-SNAPSHOT.jar:/Users/camilin/.m2/repository/org/springframework/boot/spring-boot-starter-json/3.2.7-SNAPSHOT/spring-boot-starter-json-3.2.7-SNAPSHOT.jar:/Users/camilin/.m2/repository/com/fasterxml/jackson/core/jackson-databind/2.15.4/jackson-databind-2.15.4.jar:/Users/camilin/.m2/repository/com/fasterxml/jackson/core/jackson-annotations/2.15.4/jackson-annotations-2.15.4.jar:/Users/camilin/.m2/repository/com/fasterxml/jackson/core/jackson-core/2.15.4/jackson-core-2.15.4.jar:/Users/camilin/.m2/repository/com/fasterxml/jackson/datatype/jackson-datatype-jdk8/2.15.4/jackson-datatype-jdk8-2.15.4.jar:/Users/camilin/.m2/repository/com/fasterxml/jackson/datatype/jackson-datatype-jsr310/2.15.4/jackson-datatype-jsr310-2.15.4.jar:/Users/camilin/.m2/repository/com/fasterxml/jackson/module/jackson-module-parameter-names/2.15.4/jackson-module-parameter-names-2.15.4.jar:/Users/camilin/.m2/repository/org/springframework/boot/spring-boot-starter-tomcat/3.2.7-SNAPSHOT/spring-boot-starter-tomcat-3.2.7-SNAPSHOT.jar:/Users/camilin/.m2/repository/org/apache/tomcat/embed/tomcat-embed-core/10.1.24/tomcat-embed-core-10.1.24.jar:/Users/camilin/.m2/repository/org/apache/tomcat/embed/tomcat-embed-el/10.1.24/tomcat-embed-el-10.1.24.jar:/Users/camilin/.m2/repository/org/apache/tomcat/embed/tomcat-embed-websocket/10.1.24/tomcat-embed-websocket-10.1.24.jar:/Users/camilin/.m2/repository/org/springframework/spring-web/6.1.10-SNAPSHOT/spring-web-6.1.10-SNAPSHOT.jar:/Users/camilin/.m2/repository/org/springframework/spring-beans/6.1.10-SNAPSHOT/spring-beans-6.1.10-SNAPSHOT.jar:/Users/camilin/.m2/repository/io/micrometer/micrometer-observation/1.12.7/micrometer-observation-1.12.7.jar:/Users/camilin/.m2/repository/io/micrometer/micrometer-commons/1.12.7/micrometer-commons-1.12.7.jar:/Users/camilin/.m2/repository/org/springframework/spring-webmvc/6.1.10-SNAPSHOT/spring-webmvc-6.1.10-SNAPSHOT.jar:/Users/camilin/.m2/repository/org/springframework/spring-aop/6.1.10-SNAPSHOT/spring-aop-6.1.10-SNAPSHOT.jar:/Users/camilin/.m2/repository/org/springframework/spring-context/6.1.10-SNAPSHOT/spring-context-6.1.10-SNAPSHOT.jar:/Users/camilin/.m2/repository/org/springframework/spring-expression/6.1.10-SNAPSHOT/spring-expression-6.1.10-SNAPSHOT.jar:/Users/camilin/.m2/repository/com/h2database/h2/2.2.224/h2-2.2.224.jar:/Users/camilin/.m2/repository/org/springframework/boot/spring-boot-starter-test/3.2.7-SNAPSHOT/spring-boot-starter-test-3.2.7-SNAPSHOT.jar:/Users/camilin/.m2/repository/org/springframework/boot/spring-boot-test/3.2.7-SNAPSHOT/spring-boot-test-3.2.7-SNAPSHOT.jar:/Users/camilin/.m2/repository/org/springframework/boot/spring-boot-test-autoconfigure/3.2.7-SNAPSHOT/spring-boot-test-autoconfigure-3.2.7-SNAPSHOT.jar:/Users/camilin/.m2/repository/com/jayway/jsonpath/json-path/2.9.0/json-path-2.9.0.jar:/Users/camilin/.m2/repository/jakarta/xml/bind/jakarta.xml.bind-api/4.0.2/jakarta.xml.bind-api-4.0.2.jar:/Users/camilin/.m2/repository/jakarta/activation/jakarta.activation-api/2.1.3/jakarta.activation-api-2.1.3.jar:/Users/camilin/.m2/repository/net/minidev/json-smart/2.5.1/json-smart-2.5.1.jar:/Users/camilin/.m2/repository/net/minidev/accessors-smart/2.5.1/accessors-smart-2.5.1.jar:/Users/camilin/.m2/repository/org/ow2/asm/asm/9.6/asm-9.6.jar:/Users/camilin/.m2/repository/org/assertj/assertj-core/3.24.2/assertj-core-3.24.2.jar:/Users/camilin/.m2/repository/net/bytebuddy/byte-buddy/1.14.17/byte-buddy-1.14.17.jar:/Users/camilin/.m2/repository/org/awaitility/awaitility/4.2.1/awaitility-4.2.1.jar:/Users/camilin/.m2/repository/org/hamcrest/hamcrest/2.2/hamcrest-2.2.jar:/Users/camilin/.m2/repository/org/junit/jupiter/junit-jupiter/5.10.2/junit-jupiter-5.10.2.jar:/Users/camilin/.m2/repository/org/junit/jupiter/junit-jupiter-api/5.10.2/junit-jupiter-api-5.10.2.jar:/Users/camilin/.m2/repository/org/opentest4j/opentest4j/1.3.0/opentest4j-1.3.0.jar:/Users/camilin/.m2/repository/org/junit/platform/junit-platform-commons/1.10.2/junit-platform-commons-1.10.2.jar:/Users/camilin/.m2/repository/org/apiguardian/apiguardian-api/1.1.2/apiguardian-api-1.1.2.jar:/Users/camilin/.m2/repository/org/junit/jupiter/junit-jupiter-params/5.10.2/junit-jupiter-params-5.10.2.jar:/Users/camilin/.m2/repository/org/junit/jupiter/junit-jupiter-engine/5.10.2/junit-jupiter-engine-5.10.2.jar:/Users/camilin/.m2/repository/org/junit/platform/junit-platform-engine/1.10.2/junit-platform-engine-1.10.2.jar:/Users/camilin/.m2/repository/org/mockito/mockito-core/5.7.0/mockito-core-5.7.0.jar:/Users/camilin/.m2/repository/net/bytebuddy/byte-buddy-agent/1.14.17/byte-buddy-agent-1.14.17.jar:/Users/camilin/.m2/repository/org/objenesis/objenesis/3.3/objenesis-3.3.jar:/Users/camilin/.m2/repository/org/mockito/mockito-junit-jupiter/5.7.0/mockito-junit-jupiter-5.7.0.jar:/Users/camilin/.m2/repository/org/skyscreamer/jsonassert/1.5.1/jsonassert-1.5.1.jar:/Users/camilin/.m2/repository/com/vaadin/external/google/android-json/0.0.20131108.vaadin1/android-json-0.0.20131108.vaadin1.jar:/Users/camilin/.m2/repository/org/springframework/spring-core/6.1.10-SNAPSHOT/spring-core-6.1.10-SNAPSHOT.jar:/Users/camilin/.m2/repository/org/springframework/spring-jcl/6.1.10-SNAPSHOT/spring-jcl-6.1.10-SNAPSHOT.jar:/Users/camilin/.m2/repository/org/springframework/spring-test/6.1.10-SNAPSHOT/spring-test-6.1.10-SNAPSHOT.jar:/Users/camilin/.m2/repository/org/xmlunit/xmlunit-core/2.9.1/xmlunit-core-2.9.1.jar:/Users/camilin/.m2/repository/org/springframework/boot/spring-boot-starter-logging/3.2.7-SNAPSHOT/spring-boot-starter-logging-3.2.7-SNAPSHOT.jar:/Users/camilin/.m2/repository/org/apache/logging/log4j/log4j-to-slf4j/2.21.1/log4j-to-slf4j-2.21.1.jar:/Users/camilin/.m2/repository/org/apache/logging/log4j/log4j-api/2.21.1/log4j-api-2.21.1.jar:/Users/camilin/.m2/repository/org/slf4j/jul-to-slf4j/2.0.13/jul-to-slf4j-2.0.13.jar:/Users/camilin/.m2/repository/ch/qos/logback/logback-classic/1.4.14/logback-classic-1.4.14.jar:/Users/camilin/.m2/repository/ch/qos/logback/logback-core/1.4.14/logback-core-1.4.14.jar:/Users/camilin/.m2/repository/org/slf4j/slf4j-api/2.0.13/slf4j-api-2.0.13.jar:/Users/camilin/.m2/repository/org/projectlombok/lombok/1.18.32/lombok-1.18.32.jar:/Users/camilin/.m2/repository/org/modelmapper/modelmapper/3.2.0/modelmapper-3.2.0.jar:/Users/camilin/.m2/repository/org/springframework/boot/spring-boot-starter-data-jpa/3.2.7-SNAPSHOT/spring-boot-starter-data-jpa-3.2.7-SNAPSHOT.jar:/Users/camilin/.m2/repository/org/springframework/boot/spring-boot-starter-aop/3.2.7-SNAPSHOT/spring-boot-starter-aop-3.2.7-SNAPSHOT.jar:/Users/camilin/.m2/repository/org/aspectj/aspectjweaver/1.9.22/aspectjweaver-1.9.22.jar:/Users/camilin/.m2/repository/org/springframework/boot/spring-boot-starter-jdbc/3.2.7-SNAPSHOT/spring-boot-starter-jdbc-3.2.7-SNAPSHOT.jar:/Users/camilin/.m2/repository/com/zaxxer/HikariCP/5.0.1/HikariCP-5.0.1.jar:/Users/camilin/.m2/repository/org/springframework/spring-jdbc/6.1.10-SNAPSHOT/spring-jdbc-6.1.10-SNAPSHOT.jar:/Users/camilin/.m2/repository/org/hibernate/orm/hibernate-core/6.4.9.Final/hibernate-core-6.4.9.Final.jar:/Users/camilin/.m2/repository/jakarta/persistence/jakarta.persistence-api/3.1.0/jakarta.persistence-api-3.1.0.jar:/Users/camilin/.m2/repository/jakarta/transaction/jakarta.transaction-api/2.0.1/jakarta.transaction-api-2.0.1.jar:/Users/camilin/.m2/repository/org/jboss/logging/jboss-logging/3.5.3.Final/jboss-logging-3.5.3.Final.jar:/Users/camilin/.m2/repository/org/hibernate/common/hibernate-commons-annotations/6.0.6.Final/hibernate-commons-annotations-6.0.6.Final.jar:/Users/camilin/.m2/repository/io/smallrye/jandex/3.1.2/jandex-3.1.2.jar:/Users/camilin/.m2/repository/com/fasterxml/classmate/1.6.0/classmate-1.6.0.jar:/Users/camilin/.m2/repository/org/glassfish/jaxb/jaxb-runtime/4.0.5/jaxb-runtime-4.0.5.jar:/Users/camilin/.m2/repository/org/glassfish/jaxb/jaxb-core/4.0.5/jaxb-core-4.0.5.jar:/Users/camilin/.m2/repository/org/eclipse/angus/angus-activation/2.0.2/angus-activation-2.0.2.jar:/Users/camilin/.m2/repository/org/glassfish/jaxb/txw2/4.0.5/txw2-4.0.5.jar:/Users/camilin/.m2/repository/com/sun/istack/istack-commons-runtime/4.1.2/istack-commons-runtime-4.1.2.jar:/Users/camilin/.m2/repository/jakarta/inject/jakarta.inject-api/2.0.1/jakarta.inject-api-2.0.1.jar:/Users/camilin/.m2/repository/org/antlr/antlr4-runtime/4.13.0/antlr4-runtime-4.13.0.jar:/Users/camilin/.m2/repository/org/springframework/data/spring-data-jpa/3.2.7/spring-data-jpa-3.2.7.jar:/Users/camilin/.m2/repository/org/springframework/data/spring-data-commons/3.2.7/spring-data-commons-3.2.7.jar:/Users/camilin/.m2/repository/org/springframework/spring-orm/6.1.10-SNAPSHOT/spring-orm-6.1.10-SNAPSHOT.jar:/Users/camilin/.m2/repository/org/springframework/spring-tx/6.1.10-SNAPSHOT/spring-tx-6.1.10-SNAPSHOT.jar:/Users/camilin/.m2/repository/org/springframework/spring-aspects/6.1.10-SNAPSHOT/spring-aspects-6.1.10-SNAPSHOT.jar:/Users/camilin/.m2/repository/org/jetbrains/annotations/24.1.0/annotations-24.1.0.jar:"/>
    <property name="sun.cpu.endian" value="little"/>
    <property name="user.home" value="/Users/camilin"/>
    <property name="user.language" value="en"/>
    <property name="java.specification.vendor" value="Oracle Corporation"/>
    <property name="java.version.date" value="2023-10-17"/>
    <property name="java.home" value="/Users/camilin/Library/Java/JavaVirtualMachines/openjdk-21.0.1/Contents/Home"/>
    <property name="file.separator" value="/"/>
    <property name="basedir" value="/Users/camilin/Kmilo/DH/Back End I/Proyecto Final/clinica-odontologica/ClinicaOdontologica"/>
    <property name="java.vm.compressedOopsMode" value="Zero based"/>
    <property name="line.separator" value="&#10;"/>
    <property name="java.vm.specification.vendor" value="Oracle Corporation"/>
    <property name="java.specification.name" value="Java Platform API Specification"/>
    <property name="FILE_LOG_CHARSET" value="UTF-8"/>
    <property name="java.awt.headless" value="true"/>
    <property name="apple.awt.application.name" value="ForkedBooter"/>
    <property name="surefire.real.class.path" value="/Users/camilin/Kmilo/DH/Back End I/Proyecto Final/clinica-odontologica/ClinicaOdontologica/target/surefire/surefirebooter-20240619004202530_3.jar"/>
    <property name="sun.management.compiler" value="HotSpot 64-Bit Tiered Compilers"/>
    <property name="ftp.nonProxyHosts" value="local|*.local|169.254/16|*.169.254/16"/>
    <property name="java.runtime.version" value="21.0.1+12-29"/>
    <property name="user.name" value="camilin"/>
    <property name="stdout.encoding" value="UTF-8"/>
    <property name="path.separator" value=":"/>
    <property name="os.version" value="14.5"/>
    <property name="java.runtime.name" value="OpenJDK Runtime Environment"/>
    <property name="file.encoding" value="UTF-8"/>
    <property name="java.vm.name" value="OpenJDK 64-Bit Server VM"/>
    <property name="localRepository" value="/Users/camilin/.m2/repository"/>
    <property name="java.vendor.url.bug" value="https://bugreport.java.com/bugreport/"/>
    <property name="java.io.tmpdir" value="/var/folders/tz/y5brq6y529b14x6sxl47mlw80000gn/T/"/>
    <property name="idea.version" value="2024.1.3"/>
    <property name="com.zaxxer.hikari.pool_number" value="1"/>
    <property name="java.version" value="21.0.1"/>
    <property name="user.dir" value="/Users/camilin/Kmilo/DH/Back End I/Proyecto Final/clinica-odontologica/ClinicaOdontologica"/>
    <property name="os.arch" value="aarch64"/>
    <property name="java.vm.specification.name" value="Java Virtual Machine Specification"/>
    <property name="PID" value="69666"/>
    <property name="CONSOLE_LOG_CHARSET" value="UTF-8"/>
    <property name="native.encoding" value="UTF-8"/>
    <property name="java.library.path" value="/Users/camilin/Library/Java/Extensions:/Library/Java/Extensions:/Network/Library/Java/Extensions:/System/Library/Java/Extensions:/usr/lib/java:."/>
    <property name="java.vm.info" value="mixed mode, sharing"/>
    <property name="stderr.encoding" value="UTF-8"/>
    <property name="java.vendor" value="Oracle Corporation"/>
    <property name="java.vm.version" value="21.0.1+12-29"/>
    <property name="sun.io.unicode.encoding" value="UnicodeBig"/>
    <property name="socksNonProxyHosts" value="local|*.local|169.254/16|*.169.254/16"/>
    <property name="java.class.version" value="65.0"/>
    <property name="CONSOLE_LOG_PATTERN" value="%d{yyyy-MM-dd HH:mm:ss} [%highlight(%-5level)] [%cyan(%thread)] %magenta(%logger{15}) - %msg%n"/>
    <property name="LOGGED_APPLICATION_NAME" value="[Clinica-MVC] "/>
  </properties>
  <testcase name="testTurnoRegistrado" classname="dh.backend.clinicamvc.service.TurnoServiceTest" time="0.023">
    <system-out><![CDATA[2024-06-19 00:42:05 [&amp#27;[34mINFO &amp#27;[0;39m] [&amp#27;[36mmain&amp#27;[0;39m] &amp#27;[35mo.s.t.c.s.AnnotationConfigContextLoaderUtils&amp#27;[0;39m - Could not detect default configuration classes for test class [dh.backend.clinicamvc.service.TurnoServiceTest]: TurnoServiceTest does not declare any static, non-private, non-final, nested classes annotated with @Configuration.
2024-06-19 00:42:05 [&amp#27;[34mINFO &amp#27;[0;39m] [&amp#27;[36mmain&amp#27;[0;39m] &amp#27;[35mo.s.b.t.c.SpringBootTestContextBootstrapper&amp#27;[0;39m - Found @SpringBootConfiguration dh.backend.clinicamvc.ClinicaMvcApplication for test class dh.backend.clinicamvc.service.TurnoServiceTest
Hibernate: select p1_0.id,p1_0.apellido,p1_0.dni,d1_0.id,d1_0.calle,d1_0.localidad,d1_0.numero,d1_0.provincia,p1_0.fecha_ingreso,p1_0.nombre from pacientes p1_0 left join domicilios d1_0 on d1_0.id=p1_0.domicilio_id where p1_0.id=?
Hibernate: select o1_0.id,o1_0.apellido,o1_0.nombre,o1_0.nro_matricula from odontologos o1_0 where o1_0.id=?
Hibernate: insert into turnos (fecha,odontologo_id,paciente_id,id) values (?,?,?,default)
2024-06-19 00:42:05 [&amp#27;[34mINFO &amp#27;[0;39m] [&amp#27;[36mmain&amp#27;[0;39m] &amp#27;[35md.b.c.s.TurnoServiceTest&amp#27;[0;39m - Test de Turno registrado exitoso
]]></system-out>
  </testcase>
</testsuite>