<?xml version="1.0" encoding="UTF-8"?>
<testsuite xmlns:xsi="http://www.w3.org/2001/XMLSchema-instance" xsi:noNamespaceSchemaLocation="https://maven.apache.org/surefire/maven-surefire-plugin/xsd/surefire-test-report-3.0.xsd" version="3.0" name="dh.backend.clinicamvc.ClinicaMvcApplicationTests" time="19.757" tests="1" errors="0" skipped="0" failures="0">
  <properties>
    <property name="java.specification.version" value="21"/>
    <property name="sun.cpu.isalist" value="amd64"/>
    <property name="sun.jnu.encoding" value="Cp1252"/>
    <property name="java.class.path" value="C:\Users\Yuri Ochoa\Desktop\EduardoLuna\BACKEND\ProyectoFinalBackeEnd\ClinicaOdontologica\target\test-classes;C:\Users\Yuri Ochoa\Desktop\EduardoLuna\BACKEND\ProyectoFinalBackeEnd\ClinicaOdontologica\target\classes;C:\Users\Yuri Ochoa\.m2\repository\org\springframework\boot\spring-boot-starter-thymeleaf\3.2.7-SNAPSHOT\spring-boot-starter-thymeleaf-3.2.7-SNAPSHOT.jar;C:\Users\Yuri Ochoa\.m2\repository\org\springframework\boot\spring-boot-starter\3.2.7-SNAPSHOT\spring-boot-starter-3.2.7-SNAPSHOT.jar;C:\Users\Yuri Ochoa\.m2\repository\org\springframework\boot\spring-boot\3.2.7-SNAPSHOT\spring-boot-3.2.7-SNAPSHOT.jar;C:\Users\Yuri Ochoa\.m2\repository\org\springframework\boot\spring-boot-autoconfigure\3.2.7-SNAPSHOT\spring-boot-autoconfigure-3.2.7-SNAPSHOT.jar;C:\Users\Yuri Ochoa\.m2\repository\jakarta\annotation\jakarta.annotation-api\2.1.1\jakarta.annotation-api-2.1.1.jar;C:\Users\Yuri Ochoa\.m2\repository\org\yaml\snakeyaml\2.2\snakeyaml-2.2.jar;C:\Users\Yuri Ochoa\.m2\repository\org\thymeleaf\thymeleaf-spring6\3.1.2.RELEASE\thymeleaf-spring6-3.1.2.RELEASE.jar;C:\Users\Yuri Ochoa\.m2\repository\org\thymeleaf\thymeleaf\3.1.2.RELEASE\thymeleaf-3.1.2.RELEASE.jar;C:\Users\Yuri Ochoa\.m2\repository\org\attoparser\attoparser\2.0.7.RELEASE\attoparser-2.0.7.RELEASE.jar;C:\Users\Yuri Ochoa\.m2\repository\org\unbescape\unbescape\1.1.6.RELEASE\unbescape-1.1.6.RELEASE.jar;C:\Users\Yuri Ochoa\.m2\repository\org\springframework\boot\spring-boot-starter-web\3.2.7-SNAPSHOT\spring-boot-starter-web-3.2.7-SNAPSHOT.jar;C:\Users\Yuri Ochoa\.m2\repository\org\springframework\boot\spring-boot-starter-json\3.2.7-SNAPSHOT\spring-boot-starter-json-3.2.7-SNAPSHOT.jar;C:\Users\Yuri Ochoa\.m2\repository\com\fasterxml\jackson\core\jackson-databind\2.15.4\jackson-databind-2.15.4.jar;C:\Users\Yuri Ochoa\.m2\repository\com\fasterxml\jackson\core\jackson-annotations\2.15.4\jackson-annotations-2.15.4.jar;C:\Users\Yuri Ochoa\.m2\repository\com\fasterxml\jackson\core\jackson-core\2.15.4\jackson-core-2.15.4.jar;C:\Users\Yuri Ochoa\.m2\repository\com\fasterxml\jackson\datatype\jackson-datatype-jdk8\2.15.4\jackson-datatype-jdk8-2.15.4.jar;C:\Users\Yuri Ochoa\.m2\repository\com\fasterxml\jackson\datatype\jackson-datatype-jsr310\2.15.4\jackson-datatype-jsr310-2.15.4.jar;C:\Users\Yuri Ochoa\.m2\repository\com\fasterxml\jackson\module\jackson-module-parameter-names\2.15.4\jackson-module-parameter-names-2.15.4.jar;C:\Users\Yuri Ochoa\.m2\repository\org\springframework\boot\spring-boot-starter-tomcat\3.2.7-SNAPSHOT\spring-boot-starter-tomcat-3.2.7-SNAPSHOT.jar;C:\Users\Yuri Ochoa\.m2\repository\org\apache\tomcat\embed\tomcat-embed-core\10.1.24\tomcat-embed-core-10.1.24.jar;C:\Users\Yuri Ochoa\.m2\repository\org\apache\tomcat\embed\tomcat-embed-el\10.1.24\tomcat-embed-el-10.1.24.jar;C:\Users\Yuri Ochoa\.m2\repository\org\apache\tomcat\embed\tomcat-embed-websocket\10.1.24\tomcat-embed-websocket-10.1.24.jar;C:\Users\Yuri Ochoa\.m2\repository\org\springframework\spring-web\6.1.9\spring-web-6.1.9.jar;C:\Users\Yuri Ochoa\.m2\repository\org\springframework\spring-beans\6.1.9\spring-beans-6.1.9.jar;C:\Users\Yuri Ochoa\.m2\repository\io\micrometer\micrometer-observation\1.12.7\micrometer-observation-1.12.7.jar;C:\Users\Yuri Ochoa\.m2\repository\io\micrometer\micrometer-commons\1.12.7\micrometer-commons-1.12.7.jar;C:\Users\Yuri Ochoa\.m2\repository\org\springframework\spring-webmvc\6.1.9\spring-webmvc-6.1.9.jar;C:\Users\Yuri Ochoa\.m2\repository\org\springframework\spring-aop\6.1.9\spring-aop-6.1.9.jar;C:\Users\Yuri Ochoa\.m2\repository\org\springframework\spring-context\6.1.9\spring-context-6.1.9.jar;C:\Users\Yuri Ochoa\.m2\repository\org\springframework\spring-expression\6.1.9\spring-expression-6.1.9.jar;C:\Users\Yuri Ochoa\.m2\repository\com\h2database\h2\2.2.224\h2-2.2.224.jar;C:\Users\Yuri Ochoa\.m2\repository\org\springframework\boot\spring-boot-starter-test\3.2.7-SNAPSHOT\spring-boot-starter-test-3.2.7-SNAPSHOT.jar;C:\Users\Yuri Ochoa\.m2\repository\org\springframework\boot\spring-boot-test\3.2.7-SNAPSHOT\spring-boot-test-3.2.7-SNAPSHOT.jar;C:\Users\Yuri Ochoa\.m2\repository\org\springframework\boot\spring-boot-test-autoconfigure\3.2.7-SNAPSHOT\spring-boot-test-autoconfigure-3.2.7-SNAPSHOT.jar;C:\Users\Yuri Ochoa\.m2\repository\com\jayway\jsonpath\json-path\2.9.0\json-path-2.9.0.jar;C:\Users\Yuri Ochoa\.m2\repository\jakarta\xml\bind\jakarta.xml.bind-api\4.0.2\jakarta.xml.bind-api-4.0.2.jar;C:\Users\Yuri Ochoa\.m2\repository\jakarta\activation\jakarta.activation-api\2.1.3\jakarta.activation-api-2.1.3.jar;C:\Users\Yuri Ochoa\.m2\repository\net\minidev\json-smart\2.5.1\json-smart-2.5.1.jar;C:\Users\Yuri Ochoa\.m2\repository\net\minidev\accessors-smart\2.5.1\accessors-smart-2.5.1.jar;C:\Users\Yuri Ochoa\.m2\repository\org\ow2\asm\asm\9.6\asm-9.6.jar;C:\Users\Yuri Ochoa\.m2\repository\org\assertj\assertj-core\3.24.2\assertj-core-3.24.2.jar;C:\Users\Yuri Ochoa\.m2\repository\net\bytebuddy\byte-buddy\1.14.17\byte-buddy-1.14.17.jar;C:\Users\Yuri Ochoa\.m2\repository\org\awaitility\awaitility\4.2.1\awaitility-4.2.1.jar;C:\Users\Yuri Ochoa\.m2\repository\org\hamcrest\hamcrest\2.2\hamcrest-2.2.jar;C:\Users\Yuri Ochoa\.m2\repository\org\junit\jupiter\junit-jupiter\5.10.2\junit-jupiter-5.10.2.jar;C:\Users\Yuri Ochoa\.m2\repository\org\junit\jupiter\junit-jupiter-api\5.10.2\junit-jupiter-api-5.10.2.jar;C:\Users\Yuri Ochoa\.m2\repository\org\opentest4j\opentest4j\1.3.0\opentest4j-1.3.0.jar;C:\Users\Yuri Ochoa\.m2\repository\org\junit\platform\junit-platform-commons\1.10.2\junit-platform-commons-1.10.2.jar;C:\Users\Yuri Ochoa\.m2\repository\org\apiguardian\apiguardian-api\1.1.2\apiguardian-api-1.1.2.jar;C:\Users\Yuri Ochoa\.m2\repository\org\junit\jupiter\junit-jupiter-params\5.10.2\junit-jupiter-params-5.10.2.jar;C:\Users\Yuri Ochoa\.m2\repository\org\junit\jupiter\junit-jupiter-engine\5.10.2\junit-jupiter-engine-5.10.2.jar;C:\Users\Yuri Ochoa\.m2\repository\org\junit\platform\junit-platform-engine\1.10.2\junit-platform-engine-1.10.2.jar;C:\Users\Yuri Ochoa\.m2\repository\org\mockito\mockito-core\5.7.0\mockito-core-5.7.0.jar;C:\Users\Yuri Ochoa\.m2\repository\net\bytebuddy\byte-buddy-agent\1.14.17\byte-buddy-agent-1.14.17.jar;C:\Users\Yuri Ochoa\.m2\repository\org\objenesis\objenesis\3.3\objenesis-3.3.jar;C:\Users\Yuri Ochoa\.m2\repository\org\mockito\mockito-junit-jupiter\5.7.0\mockito-junit-jupiter-5.7.0.jar;C:\Users\Yuri Ochoa\.m2\repository\org\skyscreamer\jsonassert\1.5.1\jsonassert-1.5.1.jar;C:\Users\Yuri Ochoa\.m2\repository\com\vaadin\external\google\android-json\0.0.20131108.vaadin1\android-json-0.0.20131108.vaadin1.jar;C:\Users\Yuri Ochoa\.m2\repository\org\springframework\spring-core\6.1.9\spring-core-6.1.9.jar;C:\Users\Yuri Ochoa\.m2\repository\org\springframework\spring-jcl\6.1.9\spring-jcl-6.1.9.jar;C:\Users\Yuri Ochoa\.m2\repository\org\springframework\spring-test\6.1.9\spring-test-6.1.9.jar;C:\Users\Yuri Ochoa\.m2\repository\org\xmlunit\xmlunit-core\2.9.1\xmlunit-core-2.9.1.jar;C:\Users\Yuri Ochoa\.m2\repository\org\springframework\boot\spring-boot-starter-logging\3.2.7-SNAPSHOT\spring-boot-starter-logging-3.2.7-SNAPSHOT.jar;C:\Users\Yuri Ochoa\.m2\repository\org\apache\logging\log4j\log4j-to-slf4j\2.21.1\log4j-to-slf4j-2.21.1.jar;C:\Users\Yuri Ochoa\.m2\repository\org\apache\logging\log4j\log4j-api\2.21.1\log4j-api-2.21.1.jar;C:\Users\Yuri Ochoa\.m2\repository\org\slf4j\jul-to-slf4j\2.0.13\jul-to-slf4j-2.0.13.jar;C:\Users\Yuri Ochoa\.m2\repository\ch\qos\logback\logback-classic\1.4.14\logback-classic-1.4.14.jar;C:\Users\Yuri Ochoa\.m2\repository\ch\qos\logback\logback-core\1.4.14\logback-core-1.4.14.jar;C:\Users\Yuri Ochoa\.m2\repository\org\slf4j\slf4j-api\2.0.13\slf4j-api-2.0.13.jar;C:\Users\Yuri Ochoa\.m2\repository\org\projectlombok\lombok\1.18.32\lombok-1.18.32.jar;C:\Users\Yuri Ochoa\.m2\repository\org\modelmapper\modelmapper\3.2.0\modelmapper-3.2.0.jar;C:\Users\Yuri Ochoa\.m2\repository\org\springframework\boot\spring-boot-starter-data-jpa\3.2.7-SNAPSHOT\spring-boot-starter-data-jpa-3.2.7-SNAPSHOT.jar;C:\Users\Yuri Ochoa\.m2\repository\org\springframework\boot\spring-boot-starter-aop\3.2.7-SNAPSHOT\spring-boot-starter-aop-3.2.7-SNAPSHOT.jar;C:\Users\Yuri Ochoa\.m2\repository\org\aspectj\aspectjweaver\1.9.22\aspectjweaver-1.9.22.jar;C:\Users\Yuri Ochoa\.m2\repository\org\springframework\boot\spring-boot-starter-jdbc\3.2.7-SNAPSHOT\spring-boot-starter-jdbc-3.2.7-SNAPSHOT.jar;C:\Users\Yuri Ochoa\.m2\repository\com\zaxxer\HikariCP\5.0.1\HikariCP-5.0.1.jar;C:\Users\Yuri Ochoa\.m2\repository\org\springframework\spring-jdbc\6.1.9\spring-jdbc-6.1.9.jar;C:\Users\Yuri Ochoa\.m2\repository\org\hibernate\orm\hibernate-core\6.4.9.Final\hibernate-core-6.4.9.Final.jar;C:\Users\Yuri Ochoa\.m2\repository\jakarta\persistence\jakarta.persistence-api\3.1.0\jakarta.persistence-api-3.1.0.jar;C:\Users\Yuri Ochoa\.m2\repository\jakarta\transaction\jakarta.transaction-api\2.0.1\jakarta.transaction-api-2.0.1.jar;C:\Users\Yuri Ochoa\.m2\repository\org\jboss\logging\jboss-logging\3.5.3.Final\jboss-logging-3.5.3.Final.jar;C:\Users\Yuri Ochoa\.m2\repository\org\hibernate\common\hibernate-commons-annotations\6.0.6.Final\hibernate-commons-annotations-6.0.6.Final.jar;C:\Users\Yuri Ochoa\.m2\repository\io\smallrye\jandex\3.1.2\jandex-3.1.2.jar;C:\Users\Yuri Ochoa\.m2\repository\com\fasterxml\classmate\1.6.0\classmate-1.6.0.jar;C:\Users\Yuri Ochoa\.m2\repository\org\glassfish\jaxb\jaxb-runtime\4.0.5\jaxb-runtime-4.0.5.jar;C:\Users\Yuri Ochoa\.m2\repository\org\glassfish\jaxb\jaxb-core\4.0.5\jaxb-core-4.0.5.jar;C:\Users\Yuri Ochoa\.m2\repository\org\eclipse\angus\angus-activation\2.0.2\angus-activation-2.0.2.jar;C:\Users\Yuri Ochoa\.m2\repository\org\glassfish\jaxb\txw2\4.0.5\txw2-4.0.5.jar;C:\Users\Yuri Ochoa\.m2\repository\com\sun\istack\istack-commons-runtime\4.1.2\istack-commons-runtime-4.1.2.jar;C:\Users\Yuri Ochoa\.m2\repository\jakarta\inject\jakarta.inject-api\2.0.1\jakarta.inject-api-2.0.1.jar;C:\Users\Yuri Ochoa\.m2\repository\org\antlr\antlr4-runtime\4.13.0\antlr4-runtime-4.13.0.jar;C:\Users\Yuri Ochoa\.m2\repository\org\springframework\data\spring-data-jpa\3.2.7-SNAPSHOT\spring-data-jpa-3.2.7-SNAPSHOT.jar;C:\Users\Yuri Ochoa\.m2\repository\org\springframework\data\spring-data-commons\3.2.7-SNAPSHOT\spring-data-commons-3.2.7-SNAPSHOT.jar;C:\Users\Yuri Ochoa\.m2\repository\org\springframework\spring-orm\6.1.9\spring-orm-6.1.9.jar;C:\Users\Yuri Ochoa\.m2\repository\org\springframework\spring-tx\6.1.9\spring-tx-6.1.9.jar;C:\Users\Yuri Ochoa\.m2\repository\org\springframework\spring-aspects\6.1.9\spring-aspects-6.1.9.jar;"/>
    <property name="java.vm.vendor" value="Oracle Corporation"/>
    <property name="sun.arch.data.model" value="64"/>
    <property name="user.variant" value=""/>
    <property name="java.vendor.url" value="https://java.oracle.com/"/>
    <property name="user.timezone" value="America/Bogota"/>
    <property name="org.jboss.logging.provider" value="slf4j"/>
    <property name="os.name" value="Windows 10"/>
    <property name="java.vm.specification.version" value="21"/>
    <property name="sun.java.launcher" value="SUN_STANDARD"/>
    <property name="user.country" value="US"/>
    <property name="sun.boot.library.path" value="C:\Users\Yuri Ochoa\.jdks\openjdk-21.0.2\bin"/>
    <property name="sun.java.command" value="C:\Users\Yuri Ochoa\AppData\Local\Temp\surefire6557208500598004782\surefirebooter-20240613164501955_3.jar C:\Users\Yuri Ochoa\AppData\Local\Temp\surefire6557208500598004782 2024-06-13T16-44-59_014-jvmRun1 surefire-20240613164501955_1tmp surefire_0-20240613164501955_2tmp"/>
    <property name="jdk.debug" value="release"/>
    <property name="surefire.test.class.path" value="C:\Users\Yuri Ochoa\Desktop\EduardoLuna\BACKEND\ProyectoFinalBackeEnd\ClinicaOdontologica\target\test-classes;C:\Users\Yuri Ochoa\Desktop\EduardoLuna\BACKEND\ProyectoFinalBackeEnd\ClinicaOdontologica\target\classes;C:\Users\Yuri Ochoa\.m2\repository\org\springframework\boot\spring-boot-starter-thymeleaf\3.2.7-SNAPSHOT\spring-boot-starter-thymeleaf-3.2.7-SNAPSHOT.jar;C:\Users\Yuri Ochoa\.m2\repository\org\springframework\boot\spring-boot-starter\3.2.7-SNAPSHOT\spring-boot-starter-3.2.7-SNAPSHOT.jar;C:\Users\Yuri Ochoa\.m2\repository\org\springframework\boot\spring-boot\3.2.7-SNAPSHOT\spring-boot-3.2.7-SNAPSHOT.jar;C:\Users\Yuri Ochoa\.m2\repository\org\springframework\boot\spring-boot-autoconfigure\3.2.7-SNAPSHOT\spring-boot-autoconfigure-3.2.7-SNAPSHOT.jar;C:\Users\Yuri Ochoa\.m2\repository\jakarta\annotation\jakarta.annotation-api\2.1.1\jakarta.annotation-api-2.1.1.jar;C:\Users\Yuri Ochoa\.m2\repository\org\yaml\snakeyaml\2.2\snakeyaml-2.2.jar;C:\Users\Yuri Ochoa\.m2\repository\org\thymeleaf\thymeleaf-spring6\3.1.2.RELEASE\thymeleaf-spring6-3.1.2.RELEASE.jar;C:\Users\Yuri Ochoa\.m2\repository\org\thymeleaf\thymeleaf\3.1.2.RELEASE\thymeleaf-3.1.2.RELEASE.jar;C:\Users\Yuri Ochoa\.m2\repository\org\attoparser\attoparser\2.0.7.RELEASE\attoparser-2.0.7.RELEASE.jar;C:\Users\Yuri Ochoa\.m2\repository\org\unbescape\unbescape\1.1.6.RELEASE\unbescape-1.1.6.RELEASE.jar;C:\Users\Yuri Ochoa\.m2\repository\org\springframework\boot\spring-boot-starter-web\3.2.7-SNAPSHOT\spring-boot-starter-web-3.2.7-SNAPSHOT.jar;C:\Users\Yuri Ochoa\.m2\repository\org\springframework\boot\spring-boot-starter-json\3.2.7-SNAPSHOT\spring-boot-starter-json-3.2.7-SNAPSHOT.jar;C:\Users\Yuri Ochoa\.m2\repository\com\fasterxml\jackson\core\jackson-databind\2.15.4\jackson-databind-2.15.4.jar;C:\Users\Yuri Ochoa\.m2\repository\com\fasterxml\jackson\core\jackson-annotations\2.15.4\jackson-annotations-2.15.4.jar;C:\Users\Yuri Ochoa\.m2\repository\com\fasterxml\jackson\core\jackson-core\2.15.4\jackson-core-2.15.4.jar;C:\Users\Yuri Ochoa\.m2\repository\com\fasterxml\jackson\datatype\jackson-datatype-jdk8\2.15.4\jackson-datatype-jdk8-2.15.4.jar;C:\Users\Yuri Ochoa\.m2\repository\com\fasterxml\jackson\datatype\jackson-datatype-jsr310\2.15.4\jackson-datatype-jsr310-2.15.4.jar;C:\Users\Yuri Ochoa\.m2\repository\com\fasterxml\jackson\module\jackson-module-parameter-names\2.15.4\jackson-module-parameter-names-2.15.4.jar;C:\Users\Yuri Ochoa\.m2\repository\org\springframework\boot\spring-boot-starter-tomcat\3.2.7-SNAPSHOT\spring-boot-starter-tomcat-3.2.7-SNAPSHOT.jar;C:\Users\Yuri Ochoa\.m2\repository\org\apache\tomcat\embed\tomcat-embed-core\10.1.24\tomcat-embed-core-10.1.24.jar;C:\Users\Yuri Ochoa\.m2\repository\org\apache\tomcat\embed\tomcat-embed-el\10.1.24\tomcat-embed-el-10.1.24.jar;C:\Users\Yuri Ochoa\.m2\repository\org\apache\tomcat\embed\tomcat-embed-websocket\10.1.24\tomcat-embed-websocket-10.1.24.jar;C:\Users\Yuri Ochoa\.m2\repository\org\springframework\spring-web\6.1.9\spring-web-6.1.9.jar;C:\Users\Yuri Ochoa\.m2\repository\org\springframework\spring-beans\6.1.9\spring-beans-6.1.9.jar;C:\Users\Yuri Ochoa\.m2\repository\io\micrometer\micrometer-observation\1.12.7\micrometer-observation-1.12.7.jar;C:\Users\Yuri Ochoa\.m2\repository\io\micrometer\micrometer-commons\1.12.7\micrometer-commons-1.12.7.jar;C:\Users\Yuri Ochoa\.m2\repository\org\springframework\spring-webmvc\6.1.9\spring-webmvc-6.1.9.jar;C:\Users\Yuri Ochoa\.m2\repository\org\springframework\spring-aop\6.1.9\spring-aop-6.1.9.jar;C:\Users\Yuri Ochoa\.m2\repository\org\springframework\spring-context\6.1.9\spring-context-6.1.9.jar;C:\Users\Yuri Ochoa\.m2\repository\org\springframework\spring-expression\6.1.9\spring-expression-6.1.9.jar;C:\Users\Yuri Ochoa\.m2\repository\com\h2database\h2\2.2.224\h2-2.2.224.jar;C:\Users\Yuri Ochoa\.m2\repository\org\springframework\boot\spring-boot-starter-test\3.2.7-SNAPSHOT\spring-boot-starter-test-3.2.7-SNAPSHOT.jar;C:\Users\Yuri Ochoa\.m2\repository\org\springframework\boot\spring-boot-test\3.2.7-SNAPSHOT\spring-boot-test-3.2.7-SNAPSHOT.jar;C:\Users\Yuri Ochoa\.m2\repository\org\springframework\boot\spring-boot-test-autoconfigure\3.2.7-SNAPSHOT\spring-boot-test-autoconfigure-3.2.7-SNAPSHOT.jar;C:\Users\Yuri Ochoa\.m2\repository\com\jayway\jsonpath\json-path\2.9.0\json-path-2.9.0.jar;C:\Users\Yuri Ochoa\.m2\repository\jakarta\xml\bind\jakarta.xml.bind-api\4.0.2\jakarta.xml.bind-api-4.0.2.jar;C:\Users\Yuri Ochoa\.m2\repository\jakarta\activation\jakarta.activation-api\2.1.3\jakarta.activation-api-2.1.3.jar;C:\Users\Yuri Ochoa\.m2\repository\net\minidev\json-smart\2.5.1\json-smart-2.5.1.jar;C:\Users\Yuri Ochoa\.m2\repository\net\minidev\accessors-smart\2.5.1\accessors-smart-2.5.1.jar;C:\Users\Yuri Ochoa\.m2\repository\org\ow2\asm\asm\9.6\asm-9.6.jar;C:\Users\Yuri Ochoa\.m2\repository\org\assertj\assertj-core\3.24.2\assertj-core-3.24.2.jar;C:\Users\Yuri Ochoa\.m2\repository\net\bytebuddy\byte-buddy\1.14.17\byte-buddy-1.14.17.jar;C:\Users\Yuri Ochoa\.m2\repository\org\awaitility\awaitility\4.2.1\awaitility-4.2.1.jar;C:\Users\Yuri Ochoa\.m2\repository\org\hamcrest\hamcrest\2.2\hamcrest-2.2.jar;C:\Users\Yuri Ochoa\.m2\repository\org\junit\jupiter\junit-jupiter\5.10.2\junit-jupiter-5.10.2.jar;C:\Users\Yuri Ochoa\.m2\repository\org\junit\jupiter\junit-jupiter-api\5.10.2\junit-jupiter-api-5.10.2.jar;C:\Users\Yuri Ochoa\.m2\repository\org\opentest4j\opentest4j\1.3.0\opentest4j-1.3.0.jar;C:\Users\Yuri Ochoa\.m2\repository\org\junit\platform\junit-platform-commons\1.10.2\junit-platform-commons-1.10.2.jar;C:\Users\Yuri Ochoa\.m2\repository\org\apiguardian\apiguardian-api\1.1.2\apiguardian-api-1.1.2.jar;C:\Users\Yuri Ochoa\.m2\repository\org\junit\jupiter\junit-jupiter-params\5.10.2\junit-jupiter-params-5.10.2.jar;C:\Users\Yuri Ochoa\.m2\repository\org\junit\jupiter\junit-jupiter-engine\5.10.2\junit-jupiter-engine-5.10.2.jar;C:\Users\Yuri Ochoa\.m2\repository\org\junit\platform\junit-platform-engine\1.10.2\junit-platform-engine-1.10.2.jar;C:\Users\Yuri Ochoa\.m2\repository\org\mockito\mockito-core\5.7.0\mockito-core-5.7.0.jar;C:\Users\Yuri Ochoa\.m2\repository\net\bytebuddy\byte-buddy-agent\1.14.17\byte-buddy-agent-1.14.17.jar;C:\Users\Yuri Ochoa\.m2\repository\org\objenesis\objenesis\3.3\objenesis-3.3.jar;C:\Users\Yuri Ochoa\.m2\repository\org\mockito\mockito-junit-jupiter\5.7.0\mockito-junit-jupiter-5.7.0.jar;C:\Users\Yuri Ochoa\.m2\repository\org\skyscreamer\jsonassert\1.5.1\jsonassert-1.5.1.jar;C:\Users\Yuri Ochoa\.m2\repository\com\vaadin\external\google\android-json\0.0.20131108.vaadin1\android-json-0.0.20131108.vaadin1.jar;C:\Users\Yuri Ochoa\.m2\repository\org\springframework\spring-core\6.1.9\spring-core-6.1.9.jar;C:\Users\Yuri Ochoa\.m2\repository\org\springframework\spring-jcl\6.1.9\spring-jcl-6.1.9.jar;C:\Users\Yuri Ochoa\.m2\repository\org\springframework\spring-test\6.1.9\spring-test-6.1.9.jar;C:\Users\Yuri Ochoa\.m2\repository\org\xmlunit\xmlunit-core\2.9.1\xmlunit-core-2.9.1.jar;C:\Users\Yuri Ochoa\.m2\repository\org\springframework\boot\spring-boot-starter-logging\3.2.7-SNAPSHOT\spring-boot-starter-logging-3.2.7-SNAPSHOT.jar;C:\Users\Yuri Ochoa\.m2\repository\org\apache\logging\log4j\log4j-to-slf4j\2.21.1\log4j-to-slf4j-2.21.1.jar;C:\Users\Yuri Ochoa\.m2\repository\org\apache\logging\log4j\log4j-api\2.21.1\log4j-api-2.21.1.jar;C:\Users\Yuri Ochoa\.m2\repository\org\slf4j\jul-to-slf4j\2.0.13\jul-to-slf4j-2.0.13.jar;C:\Users\Yuri Ochoa\.m2\repository\ch\qos\logback\logback-classic\1.4.14\logback-classic-1.4.14.jar;C:\Users\Yuri Ochoa\.m2\repository\ch\qos\logback\logback-core\1.4.14\logback-core-1.4.14.jar;C:\Users\Yuri Ochoa\.m2\repository\org\slf4j\slf4j-api\2.0.13\slf4j-api-2.0.13.jar;C:\Users\Yuri Ochoa\.m2\repository\org\projectlombok\lombok\1.18.32\lombok-1.18.32.jar;C:\Users\Yuri Ochoa\.m2\repository\org\modelmapper\modelmapper\3.2.0\modelmapper-3.2.0.jar;C:\Users\Yuri Ochoa\.m2\repository\org\springframework\boot\spring-boot-starter-data-jpa\3.2.7-SNAPSHOT\spring-boot-starter-data-jpa-3.2.7-SNAPSHOT.jar;C:\Users\Yuri Ochoa\.m2\repository\org\springframework\boot\spring-boot-starter-aop\3.2.7-SNAPSHOT\spring-boot-starter-aop-3.2.7-SNAPSHOT.jar;C:\Users\Yuri Ochoa\.m2\repository\org\aspectj\aspectjweaver\1.9.22\aspectjweaver-1.9.22.jar;C:\Users\Yuri Ochoa\.m2\repository\org\springframework\boot\spring-boot-starter-jdbc\3.2.7-SNAPSHOT\spring-boot-starter-jdbc-3.2.7-SNAPSHOT.jar;C:\Users\Yuri Ochoa\.m2\repository\com\zaxxer\HikariCP\5.0.1\HikariCP-5.0.1.jar;C:\Users\Yuri Ochoa\.m2\repository\org\springframework\spring-jdbc\6.1.9\spring-jdbc-6.1.9.jar;C:\Users\Yuri Ochoa\.m2\repository\org\hibernate\orm\hibernate-core\6.4.9.Final\hibernate-core-6.4.9.Final.jar;C:\Users\Yuri Ochoa\.m2\repository\jakarta\persistence\jakarta.persistence-api\3.1.0\jakarta.persistence-api-3.1.0.jar;C:\Users\Yuri Ochoa\.m2\repository\jakarta\transaction\jakarta.transaction-api\2.0.1\jakarta.transaction-api-2.0.1.jar;C:\Users\Yuri Ochoa\.m2\repository\org\jboss\logging\jboss-logging\3.5.3.Final\jboss-logging-3.5.3.Final.jar;C:\Users\Yuri Ochoa\.m2\repository\org\hibernate\common\hibernate-commons-annotations\6.0.6.Final\hibernate-commons-annotations-6.0.6.Final.jar;C:\Users\Yuri Ochoa\.m2\repository\io\smallrye\jandex\3.1.2\jandex-3.1.2.jar;C:\Users\Yuri Ochoa\.m2\repository\com\fasterxml\classmate\1.6.0\classmate-1.6.0.jar;C:\Users\Yuri Ochoa\.m2\repository\org\glassfish\jaxb\jaxb-runtime\4.0.5\jaxb-runtime-4.0.5.jar;C:\Users\Yuri Ochoa\.m2\repository\org\glassfish\jaxb\jaxb-core\4.0.5\jaxb-core-4.0.5.jar;C:\Users\Yuri Ochoa\.m2\repository\org\eclipse\angus\angus-activation\2.0.2\angus-activation-2.0.2.jar;C:\Users\Yuri Ochoa\.m2\repository\org\glassfish\jaxb\txw2\4.0.5\txw2-4.0.5.jar;C:\Users\Yuri Ochoa\.m2\repository\com\sun\istack\istack-commons-runtime\4.1.2\istack-commons-runtime-4.1.2.jar;C:\Users\Yuri Ochoa\.m2\repository\jakarta\inject\jakarta.inject-api\2.0.1\jakarta.inject-api-2.0.1.jar;C:\Users\Yuri Ochoa\.m2\repository\org\antlr\antlr4-runtime\4.13.0\antlr4-runtime-4.13.0.jar;C:\Users\Yuri Ochoa\.m2\repository\org\springframework\data\spring-data-jpa\3.2.7-SNAPSHOT\spring-data-jpa-3.2.7-SNAPSHOT.jar;C:\Users\Yuri Ochoa\.m2\repository\org\springframework\data\spring-data-commons\3.2.7-SNAPSHOT\spring-data-commons-3.2.7-SNAPSHOT.jar;C:\Users\Yuri Ochoa\.m2\repository\org\springframework\spring-orm\6.1.9\spring-orm-6.1.9.jar;C:\Users\Yuri Ochoa\.m2\repository\org\springframework\spring-tx\6.1.9\spring-tx-6.1.9.jar;C:\Users\Yuri Ochoa\.m2\repository\org\springframework\spring-aspects\6.1.9\spring-aspects-6.1.9.jar;"/>
    <property name="sun.cpu.endian" value="little"/>
    <property name="user.home" value="C:\Users\Yuri Ochoa"/>
    <property name="user.language" value="es"/>
    <property name="java.specification.vendor" value="Oracle Corporation"/>
    <property name="java.version.date" value="2024-01-16"/>
    <property name="java.home" value="C:\Users\Yuri Ochoa\.jdks\openjdk-21.0.2"/>
    <property name="file.separator" value="\"/>
    <property name="basedir" value="C:\Users\Yuri Ochoa\Desktop\EduardoLuna\BACKEND\ProyectoFinalBackeEnd\ClinicaOdontologica"/>
    <property name="java.vm.compressedOopsMode" value="32-bit"/>
    <property name="line.separator" value="&#10;"/>
    <property name="java.vm.specification.vendor" value="Oracle Corporation"/>
    <property name="java.specification.name" value="Java Platform API Specification"/>
    <property name="FILE_LOG_CHARSET" value="UTF-8"/>
    <property name="java.awt.headless" value="true"/>
    <property name="surefire.real.class.path" value="C:\Users\Yuri Ochoa\AppData\Local\Temp\surefire6557208500598004782\surefirebooter-20240613164501955_3.jar"/>
    <property name="user.script" value=""/>
    <property name="sun.management.compiler" value="HotSpot 64-Bit Tiered Compilers"/>
    <property name="java.runtime.version" value="21.0.2+13-58"/>
    <property name="user.name" value="Yuri Ochoa"/>
    <property name="stdout.encoding" value="Cp1252"/>
    <property name="path.separator" value=";"/>
    <property name="os.version" value="10.0"/>
    <property name="java.runtime.name" value="OpenJDK Runtime Environment"/>
    <property name="file.encoding" value="UTF-8"/>
    <property name="java.vm.name" value="OpenJDK 64-Bit Server VM"/>
    <property name="localRepository" value="C:\Users\Yuri Ochoa\.m2\repository"/>
    <property name="java.vendor.url.bug" value="https://bugreport.java.com/bugreport/"/>
    <property name="java.io.tmpdir" value="C:\Users\YURIOC~1\AppData\Local\Temp\"/>
    <property name="idea.version" value="2023.3.3"/>
    <property name="com.zaxxer.hikari.pool_number" value="1"/>
    <property name="java.version" value="21.0.2"/>
    <property name="user.dir" value="C:\Users\Yuri Ochoa\Desktop\EduardoLuna\BACKEND\ProyectoFinalBackeEnd\ClinicaOdontologica"/>
    <property name="os.arch" value="amd64"/>
    <property name="java.vm.specification.name" value="Java Virtual Machine Specification"/>
    <property name="PID" value="9320"/>
    <property name="sun.os.patch.level" value=""/>
    <property name="CONSOLE_LOG_CHARSET" value="UTF-8"/>
    <property name="native.encoding" value="Cp1252"/>
    <property name="java.library.path" value="C:\Users\Yuri Ochoa\.jdks\openjdk-21.0.2\bin;C:\WINDOWS\Sun\Java\bin;C:\WINDOWS\system32;C:\WINDOWS;C:\xpressmp\bin;C:\xpressmp\workbench;C:\Program Files (x86)\Common Files\Oracle\Java\javapath;C:\ProgramData\Oracle\Java\javapath;C:\WINDOWS\system32;C:\WINDOWS;C:\WINDOWS\System32\Wbem;C:\WINDOWS\System32\WindowsPowerShell\v1.0\;C:\Program Files\Lenovo\Touch Fingerprint Software\;C:\Program Files (x86)\Common Files\Lenovo;C:\ProgramData\Lenovo\ReadyApps;C:\WINDOWS\System32\OpenSSH\;C:\Program Files\Intel\WiFi\bin\;C:\Program Files\Common Files\Intel\WirelessCommon\;C:\Program Files\PuTTY\;C:\Program Files (x86)\Intel\Intel(R) Management Engine Components\DAL;C:\Program Files\Intel\Intel(R) Management Engine Components\DAL;C:\Program Files\Java\jdk1.8.0_111\bin;C:\Program Files\Git\cmd;C:\Program Files\nodejs\;C:\Program Files\Java\apache-maven-3.9.5\bin;C:\Program Files\Java\jdk1.8.0_111\bin;C:\Program Files\Java\jre1.8.0_333\bin;C:\Users\Yuri Ochoa\AppData\Local\Programs\Python\Launcher\;C:\Users\Yuri Ochoa\AppData\Local\Programs\Python\Python310\Scripts\;C:\Users\Yuri Ochoa\AppData\Local\Programs\Python\Python310\;C:\Python\Python38\Scripts\;C:\Python\Python38\;C:\Users\Yuri Ochoa\AppData\Local\Microsoft\WindowsApps;;C:\Users\Yuri Ochoa\AppData\Local\Programs\Microsoft VS Code\bin;C:\Users\Yuri Ochoa\AppData\Local\Programs\oh-my-posh\bin;C:\Users\Yuri Ochoa\AppData\Roaming\npm;."/>
    <property name="java.vm.info" value="mixed mode, sharing"/>
    <property name="stderr.encoding" value="Cp1252"/>
    <property name="java.vendor" value="Oracle Corporation"/>
    <property name="java.vm.version" value="21.0.2+13-58"/>
    <property name="sun.io.unicode.encoding" value="UnicodeLittle"/>
    <property name="java.class.version" value="65.0"/>
    <property name="CONSOLE_LOG_PATTERN" value="%d{yyyy-MM-dd HH:mm:ss} [%highlight(%-5level)] [%cyan(%thread)] %magenta(%logger{15}) - %msg%n"/>
    <property name="LOGGED_APPLICATION_NAME" value="[Clinica-MVC] "/>
  </properties>
  <testcase name="contextLoads" classname="dh.backend.clinicamvc.ClinicaMvcApplicationTests" time="1.708">
    <system-out><![CDATA[16:45:05.547 [main] INFO org.springframework.test.context.support.AnnotationConfigContextLoaderUtils -- Could not detect default configuration classes for test class [dh.backend.clinicamvc.ClinicaMvcApplicationTests]: ClinicaMvcApplicationTests does not declare any static, non-private, non-final, nested classes annotated with @Configuration.
16:45:05.840 [main] INFO org.springframework.boot.test.context.SpringBootTestContextBootstrapper -- Found @SpringBootConfiguration dh.backend.clinicamvc.ClinicaMvcApplication for test class dh.backend.clinicamvc.ClinicaMvcApplicationTests
 ______ __ __         __               _______     __               __          __               __
|      |  |__|.-----.|__|.----.---.-. |       |.--|  |.-----.-----.|  |_.-----.|  |.-----.-----.|__|.----.---.-.
|   ---|  |  ||     ||  ||  __|  _  | |   -   ||  _  ||  _  |     ||   _|  _  ||  ||  _  |  _  ||  ||  __|  _  |
|______|__|__||__|__||__||____|___._| |_______||_____||_____|__|__||____|_____||__||_____|___  ||__||____|___._|
                                                                                         |_____|
 
Powered by Spring Boot 3.2.7-SNAPSHOT
2024-06-13 16:45:07 [&amp#27;[34mINFO &amp#27;[0;39m] [&amp#27;[36mmain&amp#27;[0;39m] &amp#27;[35md.b.c.ClinicaMvcApplicationTests&amp#27;[0;39m - Starting ClinicaMvcApplicationTests using Java 21.0.2 with PID 9320 (started by Yuri Ochoa in C:\Users\Yuri Ochoa\Desktop\EduardoLuna\BACKEND\ProyectoFinalBackeEnd\ClinicaOdontologica)
2024-06-13 16:45:07 [&amp#27;[34mINFO &amp#27;[0;39m] [&amp#27;[36mmain&amp#27;[0;39m] &amp#27;[35md.b.c.ClinicaMvcApplicationTests&amp#27;[0;39m - No active profile set, falling back to 1 default profile: "default"
2024-06-13 16:45:09 [&amp#27;[34mINFO &amp#27;[0;39m] [&amp#27;[36mmain&amp#27;[0;39m] &amp#27;[35mo.s.d.r.c.RepositoryConfigurationDelegate&amp#27;[0;39m - Bootstrapping Spring Data JPA repositories in DEFAULT mode.
2024-06-13 16:45:09 [&amp#27;[34mINFO &amp#27;[0;39m] [&amp#27;[36mmain&amp#27;[0;39m] &amp#27;[35mo.s.d.r.c.RepositoryConfigurationDelegate&amp#27;[0;39m - Finished Spring Data repository scanning in 184 ms. Found 3 JPA repository interfaces.
2024-06-13 16:45:11 [&amp#27;[34mINFO &amp#27;[0;39m] [&amp#27;[36mmain&amp#27;[0;39m] &amp#27;[35mo.h.j.i.u.LogHelper&amp#27;[0;39m - HHH000204: Processing PersistenceUnitInfo [name: default]
2024-06-13 16:45:11 [&amp#27;[34mINFO &amp#27;[0;39m] [&amp#27;[36mmain&amp#27;[0;39m] &amp#27;[35mo.h.Version&amp#27;[0;39m - HHH000412: Hibernate ORM core version 6.4.9.Final
2024-06-13 16:45:11 [&amp#27;[34mINFO &amp#27;[0;39m] [&amp#27;[36mmain&amp#27;[0;39m] &amp#27;[35mo.h.c.i.RegionFactoryInitiator&amp#27;[0;39m - HHH000026: Second-level cache disabled
2024-06-13 16:45:12 [&amp#27;[34mINFO &amp#27;[0;39m] [&amp#27;[36mmain&amp#27;[0;39m] &amp#27;[35mo.s.o.j.p.SpringPersistenceUnitInfo&amp#27;[0;39m - No LoadTimeWeaver setup: ignoring JPA class transformer
2024-06-13 16:45:12 [&amp#27;[34mINFO &amp#27;[0;39m] [&amp#27;[36mmain&amp#27;[0;39m] &amp#27;[35mc.z.h.HikariDataSource&amp#27;[0;39m - HikariPool-1 - Starting...
2024-06-13 16:45:13 [&amp#27;[34mINFO &amp#27;[0;39m] [&amp#27;[36mmain&amp#27;[0;39m] &amp#27;[35mc.z.h.p.HikariPool&amp#27;[0;39m - HikariPool-1 - Added connection conn0: url=jdbc:h2:~/clinicatest11 user=SA
2024-06-13 16:45:13 [&amp#27;[34mINFO &amp#27;[0;39m] [&amp#27;[36mmain&amp#27;[0;39m] &amp#27;[35mc.z.h.HikariDataSource&amp#27;[0;39m - HikariPool-1 - Start completed.
2024-06-13 16:45:17 [&amp#27;[34mINFO &amp#27;[0;39m] [&amp#27;[36mmain&amp#27;[0;39m] &amp#27;[35mo.h.e.t.j.p.i.JtaPlatformInitiator&amp#27;[0;39m - HHH000489: No JTA platform available (set 'hibernate.transaction.jta.platform' to enable JTA platform integration)
2024-06-13 16:45:17 [&amp#27;[34mINFO &amp#27;[0;39m] [&amp#27;[36mmain&amp#27;[0;39m] &amp#27;[35mo.s.o.j.LocalContainerEntityManagerFactoryBean&amp#27;[0;39m - Initialized JPA EntityManagerFactory for persistence unit 'default'
2024-06-13 16:45:19 [&amp#27;[34mINFO &amp#27;[0;39m] [&amp#27;[36mmain&amp#27;[0;39m] &amp#27;[35mo.s.d.j.r.q.QueryEnhancerFactory&amp#27;[0;39m - Hibernate is in classpath; If applicable, HQL parser will be used.
2024-06-13 16:45:21 [&amp#27;[31mWARN &amp#27;[0;39m] [&amp#27;[36mmain&amp#27;[0;39m] &amp#27;[35mo.s.b.a.o.j.JpaBaseConfiguration$JpaWebConfiguration&amp#27;[0;39m - spring.jpa.open-in-view is enabled by default. Therefore, database queries may be performed during view rendering. Explicitly configure spring.jpa.open-in-view to disable this warning
2024-06-13 16:45:21 [&amp#27;[34mINFO &amp#27;[0;39m] [&amp#27;[36mmain&amp#27;[0;39m] &amp#27;[35mo.s.b.a.w.s.WelcomePageHandlerMapping&amp#27;[0;39m - Adding welcome page: class path resource [static/index.html]
2024-06-13 16:45:22 [&amp#27;[34mINFO &amp#27;[0;39m] [&amp#27;[36mmain&amp#27;[0;39m] &amp#27;[35mo.s.b.a.h.H2ConsoleAutoConfiguration&amp#27;[0;39m - H2 console available at '/h2-console'. Database available at 'jdbc:h2:~/clinicatest11'
2024-06-13 16:45:22 [&amp#27;[34mINFO &amp#27;[0;39m] [&amp#27;[36mmain&amp#27;[0;39m] &amp#27;[35md.b.c.ClinicaMvcApplicationTests&amp#27;[0;39m - Started ClinicaMvcApplicationTests in 16.667 seconds (process running for 20.693)
]]></system-out>
    <system-err><![CDATA[WARNING: A Java agent has been loaded dynamically (C:\Users\Yuri Ochoa\.m2\repository\net\bytebuddy\byte-buddy-agent\1.14.17\byte-buddy-agent-1.14.17.jar)
WARNING: If a serviceability tool is in use, please run with -XX:+EnableDynamicAgentLoading to hide this warning
WARNING: If a serviceability tool is not in use, please run with -Djdk.instrument.traceUsage for more information
WARNING: Dynamic loading of agents will be disallowed by default in a future release
]]></system-err>
  </testcase>
</testsuite>